\BOOKMARK [1][]{section.2}{\376\377\000I\000n\000t\000r\000o\000d\000u\000c\000t\000i\000o\000n}{}% 1
\BOOKMARK [1][]{section.3}{\376\377\000B\000a\000c\000k\000g\000r\000o\000u\000n\000d}{}% 2
\BOOKMARK [1][]{section.5}{\376\377\000R\000e\000l\000a\000t\000e\000d\000\040\000W\000o\000r\000k}{}% 3
\BOOKMARK [2][]{subsection.6}{\376\377\000Q\000u\000e\000r\000y\000\040\000E\000x\000e\000c\000u\000t\000i\000o\000n\000\040\000D\000i\000a\000g\000n\000o\000s\000e}{section.5}% 4
\BOOKMARK [2][]{subsection.7}{\376\377\000V\000i\000s\000u\000a\000l\000\040\000U\000n\000d\000e\000r\000s\000t\000a\000n\000d\000i\000n\000g\000\040\000f\000o\000r\000\040\000Q\000u\000e\000r\000y\000\040\000E\000x\000e\000c\000u\000t\000i\000o\000n}{section.5}% 5
\BOOKMARK [1][]{section.8}{\376\377\000D\000e\000s\000i\000g\000n\000\040\000T\000a\000s\000k\000s\000\040\000o\000f\000\040\000Q\000E\000V\000I\000S}{}% 6
\BOOKMARK [1][]{section.9}{\376\377\000T\000h\000e\000\040\000Q\000E\000V\000I\000S\000\040\000S\000y\000s\000t\000e\000m}{}% 7
\BOOKMARK [2][]{subsection.11}{\376\377\000S\000y\000s\000t\000e\000m\000\040\000A\000r\000c\000h\000i\000t\000e\000c\000t\000u\000r\000e}{section.9}% 8
\BOOKMARK [2][]{subsection.12}{\376\377\000D\000a\000t\000a\000\040\000M\000o\000d\000e\000l}{section.9}% 9
\BOOKMARK [2][]{subsection.13}{\376\377\000V\000i\000s\000u\000a\000l\000i\000z\000a\000t\000i\000o\000n\000\040\000D\000e\000s\000i\000g\000n\000s\000\040\000i\000n\000\040\000Q\000E\000V\000I\000S}{section.9}% 10
\BOOKMARK [3][-]{subsubsection.14}{\376\377\000J\000o\000b\000\040\000v\000i\000e\000w}{subsection.13}% 11
\BOOKMARK [3][-]{subsubsection.17}{\376\377\000P\000e\000r\000f\000o\000r\000m\000a\000n\000c\000e\000\040\000m\000a\000t\000r\000i\000x}{subsection.13}% 12
\BOOKMARK [3][-]{subsubsection.19}{\376\377\000T\000a\000s\000k\000\040\000v\000i\000e\000w}{subsection.13}% 13
\BOOKMARK [3][-]{subsubsection.22}{\376\377\000A\000u\000x\000i\000l\000i\000a\000r\000y\000\040\000v\000i\000e\000w\000s\000\040\000a\000n\000d\000\040\000i\000n\000t\000e\000r\000a\000c\000t\000i\000o\000n\000\040\000d\000e\000s\000i\000g\000n\000s}{subsection.13}% 14
\BOOKMARK [1][]{section.23}{\376\377\000E\000m\000p\000i\000r\000i\000c\000a\000l\000\040\000E\000v\000a\000l\000u\000a\000t\000i\000o\000n}{}% 15
\BOOKMARK [2][]{subsection.24}{\376\377\000C\000a\000s\000e\000\040\000s\000t\000u\000d\000y}{section.23}% 16
\BOOKMARK [3][-]{subsubsection.25}{\376\377\000I\000d\000e\000n\000t\000i\000f\000y\000i\000n\000g\000\040\000h\000a\000r\000d\000w\000a\000r\000e\000\040\000p\000r\000o\000b\000l\000e\000m}{subsection.24}% 17
\BOOKMARK [3][-]{subsubsection.26}{\376\377\000I\000d\000e\000n\000t\000i\000f\000y\000i\000n\000g\000\040\000s\000y\000s\000t\000e\000m\000\040\000p\000r\000o\000b\000l\000e\000m}{subsection.24}% 18
\BOOKMARK [3][-]{subsubsection.28}{\376\377\000I\000d\000e\000n\000t\000i\000f\000y\000i\000n\000g\000\040\000d\000a\000t\000a\000\040\000p\000r\000o\000b\000l\000e\000m}{subsection.24}% 19
\BOOKMARK [2][]{subsection.30}{\376\377\000U\000s\000e\000r\000\040\000I\000n\000t\000e\000r\000v\000i\000e\000w}{section.23}% 20
\BOOKMARK [3][-]{subsubsection.31}{\376\377\000F\000e\000e\000d\000b\000a\000c\000k\000\040\000f\000r\000o\000m\000\040\000l\000o\000n\000g\000\040\000t\000e\000r\000m\000\040\000c\000o\000l\000l\000a\000b\000o\000r\000a\000t\000o\000r\000s}{subsection.30}% 21
\BOOKMARK [3][-]{subsubsection.32}{\376\377\000F\000e\000e\000d\000b\000a\000c\000k\000\040\000f\000r\000o\000m\000\040\000p\000o\000t\000e\000n\000t\000i\000a\000l\000\040\000u\000s\000e\000r\000s}{subsection.30}% 22
\BOOKMARK [1][]{section.33}{\376\377\000D\000i\000s\000c\000u\000s\000s\000i\000o\000n\000s\000\040\000a\000n\000d\000\040\000l\000e\000s\000s\000o\000n\000s\000\040\000l\000e\000a\000r\000n\000e\000d}{}% 23
\BOOKMARK [1][]{section.34}{\376\377\000C\000o\000n\000c\000l\000u\000s\000i\000o\000n\000s}{}% 24
